This is TeX, Version 3.14159 (C version 6.1) (format=tex 97.9.26)  21 NOV 1997 11:20
**brute.c
(brute.c
Babel <v3.6h> and hyphenation patterns for american, german, loaded.
(/usr/local/teTeX/texmf/tex/latex/local/cnoweb.tex [c-no-web vers 1.6]
\oddsideshift=\dimen16
\evensideshift=\dimen17
\rightmarginslop=\dimen18
\blockindent=\dimen19
\longblockindent=\dimen20
\sectionskip=\skip18
\cfile=\write0
\leftadjust=\dimen21
\itemindent=\dimen22
\job=\toks12
\title=\toks13
\synopsis=\toks14
)
[1] [2] [3] [4] [5] page alignment [6] (brute.toc) [-1] )
Output written on brute.dvi (7 pages, 10180 bytes).
