This is TeX, Version 3.14159 (Web2C 7.2) (format=latex 1999.4.5)  20 MAY 1999 09:27
**r
(r.tex
LaTeX2e <1998/06/01>
Babel <v3.6j> and hyphenation patterns for american, french, german, ngerman, n
ohyphenation, loaded.
(/usr/share/texmf/tex/latex/base/book.cls
Document Class: book 1998/05/05 v1.3y Standard LaTeX document class
(/usr/share/texmf/tex/latex/base/bk10.clo
File: bk10.clo 1998/05/05 v1.3y Standard LaTeX file (size option)
)
\c@part=\count79
\c@chapter=\count80
\c@section=\count81
\c@subsection=\count82
\c@subsubsection=\count83
\c@paragraph=\count84
\c@subparagraph=\count85
\c@figure=\count86
\c@table=\count87
\abovecaptionskip=\skip41
\belowcaptionskip=\skip42
\bibindent=\dimen102
)
(/usr/share/texmf/tex/latex/amslatex/amsmath.sty
Package: amsmath 1997/03/20 v1.2d AMS math features
\@mathmargin=\skip43

(/usr/share/texmf/tex/latex/amslatex/amstext.sty
Package: amstext 1996/10/28 v1.2b

(/usr/share/texmf/tex/latex/amslatex/amsgen.sty
File: amsgen 1996/10/29 v1.2b
\@emptytoks=\toks14
\ex@=\dimen103
))
(/usr/share/texmf/tex/latex/amslatex/amsbsy.sty
Package: amsbsy 1996/10/28 v1.2b
\pmbraise@=\dimen104
)
(/usr/share/texmf/tex/latex/amslatex/amsopn.sty
Package: amsopn 1996/10/28 v1.2b operator names
)
LaTeX Info: Redefining \frac on input line 188.
\uproot@=\count88
\leftroot@=\count89
\classnum@=\count90
\DOTSCASE@=\count91
LaTeX Info: Redefining \dots on input line 335.
LaTeX Info: Redefining \ldots on input line 418.
LaTeX Info: Redefining \cdots on input line 422.
\Mathstrutbox@=\box26
\strutbox@=\box27
\big@size=\dimen105
LaTeX Font Info:    Redeclaring font encoding OML on input line 500.
LaTeX Font Info:    Redeclaring font encoding OMS on input line 501.
\skewcharcount@=\count92
\familycount@=\count93
\pointcount@=\count94
\accentdimen@=\dimen106
\accentmu@=\count95
\minaw@=\dimen107
\c@MaxMatrixCols=\count96
\dotsspace@=\muskip10
\c@parentequation=\count97
\dspbrk@lvl=\count98
\tag@help=\toks15
\row@=\count99
\column@=\count100
\maxfields@=\count101
\andhelp@=\toks16
\eqnshift@=\dimen108
\alignsep@=\dimen109
\tagshift@=\dimen110
\tagwidth@=\dimen111
\totwidth@=\dimen112
\lineht@=\dimen113
\@envbody=\toks17
\multlinegap=\skip44
\multlinetaggap=\skip45
)
(/usr/share/texmf/tex/latex/amsfonts/amssymb.sty
Package: amssymb 1996/11/03 v2.2b

(/usr/share/texmf/tex/latex/amsfonts/amsfonts.sty
Package: amsfonts 1997/09/17 v2.2e
\symAMSa=\mathgroup4
\symAMSb=\mathgroup5
LaTeX Font Info:    Overwriting math alphabet `\mathfrak' in version `bold'
(Font)                  U/euf/m/n --> U/euf/b/n on input line 133.
))
(/usr/share/texmf/tex/latex/base/latexsym.sty
Package: latexsym 1996/11/20 v2.2d Standard LaTeX package (lasy symbols)
\symlasy=\mathgroup6
LaTeX Font Info:    Overwriting symbol font `lasy' in version `bold'
(Font)                  U/lasy/m/n --> U/lasy/b/n on input line 85.
)
(/usr/share/texmf/tex/latex/dvips/epsf.sty
(/usr/share/texmf/tex/plain/dvips/epsf.tex
This is `epsf.tex' v2.7 <25 October 1996>
\epsffilein=\read1
\epsfframemargin=\dimen114
\epsfframethickness=\dimen115
\epsfrsize=\dimen116
\epsftmp=\dimen117
\epsftsize=\dimen118
\epsfxsize=\dimen119
\epsfysize=\dimen120
\pspoints=\dimen121
)) (/usr/share/texmf/tex/latex/eepic/epic.sty
Enhancements to Picture Environment. Version 1.2 - Released June 1, 1986
\@@multicnt=\count102
\d@lta=\count103
\@delta=\dimen122
\@@delta=\dimen123
\@gridcnt=\count104
\@joinkind=\count105
\@dotgap=\dimen124
\@ddotgap=\dimen125
\@x@diff=\count106
\@y@diff=\count107
\x@diff=\dimen126
\y@diff=\dimen127
\@dotbox=\box28
\num@segments=\count108
\num@segmentsi=\count109
\@datafile=\read2
) (/usr/share/texmf/tex/latex/eepic/eepic.sty
Extension to Epic and LaTeX. Version 1.1b - Released Febrary 7, 1988
\@gphlinewidth=\count110
\@eepictcnt=\count111
\@tempdimc=\dimen128
\maxovaldiam=\dimen129
\@filltype=\box29
) (/usr/share/texmf/tex/latex/misc/rotating.sty
Package: rotating 1997/09/11 2.11 Rotation package

(/usr/share/texmf/tex/latex/graphics/graphicx.sty
Package: graphicx 1997/06/09 v1.0d Enhanced LaTeX Graphics (DPC,SPQR)

(/usr/share/texmf/tex/latex/graphics/keyval.sty
Package: keyval 1998/06/05 v1.11 key=value parser (DPC)
\KV@toks@=\toks18
)
(/usr/share/texmf/tex/latex/graphics/graphics.sty
Package: graphics 1998/05/27 v1.0h Standard LaTeX Graphics (DPC,SPQR)

(/usr/share/texmf/tex/latex/graphics/trig.sty
Package: trig 1994/10/16 v1.08 sin cos tan (DPC)
)
(/usr/share/texmf/tex/latex/config/graphics.cfg)
Package graphics Info: Driver file: dvips.def on input line 85.

(/usr/share/texmf/tex/latex/graphics/dvips.def
File: dvips.def 1998/05/03 v3.0f Driver-dependant file (DPC,SPQR)
))
\Gin@req@height=\dimen130
\Gin@req@width=\dimen131
)
(/usr/share/texmf/tex/latex/base/ifthen.sty
Package: ifthen 1997/11/02 v1.0n Standard LaTeX ifthen package (DPC)
)
\c@r@tfl@t=\count112
\rot@float@box=\box30
)
(/usr/share/texmf/tex/latex/tools/multicol.sty
Package: multicol 1998/01/19 v1.5q multicolumn formatting (FMi)
\c@tracingmulticols=\count113
\mult@box=\box31
\multicol@leftmargin=\dimen132
\c@unbalance=\count114
\c@collectmore=\count115
\doublecol@number=\count116
\multicoltolerance=\count117
\multicolpretolerance=\count118
\full@width=\dimen133
\page@free=\dimen134
\premulticols=\dimen135
\postmulticols=\dimen136
\multicolsep=\skip46
\multicolbaselineskip=\skip47
\partial@page=\box32
\last@line=\box33
\mult@rightbox=\box34
\mult@grightbox=\box35
\mult@gfirstbox=\box36
\mult@firstbox=\box37
\@tempa=\box38
\@tempa=\box39
\@tempa=\box40
\@tempa=\box41
\@tempa=\box42
\@tempa=\box43
\@tempa=\box44
\@tempa=\box45
\@tempa=\box46
\@tempa=\box47
\@tempa=\box48
\@tempa=\box49
\@tempa=\box50
\@tempa=\box51
\@tempa=\box52
\@tempa=\box53
\@tempa=\box54
\c@columnbadness=\count119
\c@finalcolumnbadness=\count120
\last@try=\dimen137
\multicolovershoot=\dimen138
\multicolundershoot=\dimen139
\mult@nat@firstbox=\box55
)
(/usr/share/texmf/tex/latex/misc/multirow.sty
\bigstrutjot=\dimen140
)
(/usr/share/texmf/tex/latex/base/makeidx.sty
Package: makeidx 1995/04/19 v1.0j Standard LaTeX package
)
(/usr/share/texmf/tex/latex/graphics/epsfig.sty
Package: epsfig 1996/10/04 v1.7 (e)psfig emulation (SPQR)
\epsfxsize=\dimen141
\epsfysize=\dimen142
)
(/usr/share/texmf/tex/latex/mathtime/mathtime.sty
Package: mathtime 1997/10/10 v1.0e mathtime font support (FMi/DPC)
LaTeX Font Info:    Overwriting symbol font `operators' in version `normal'
(Font)                  OT1/cmr/m/n --> OT1/ptm/m/n on input line 73.
LaTeX Font Warning: Encoding `OML' has changed to `MY1' for symbol font
(Font)              `letters' in the math version `normal' on input line 74.
LaTeX Font Info:    Overwriting symbol font `letters' in version `normal'
(Font)                  OML/cmm/m/it --> MY1/mtt/m/it on input line 74.
LaTeX Font Warning: Encoding `OMS' has changed to `MY2' for symbol font
(Font)              `symbols' in the math version `normal' on input line 75.
LaTeX Font Info:    Overwriting symbol font `symbols' in version `normal'
(Font)                  OMS/cmsy/m/n --> MY2/mtt/m/n on input line 75.
LaTeX Font Warning: Encoding `OMX' has changed to `MY3' for symbol font
(Font)              `largesymbols' in the math version `normal' on input line 7
6.
LaTeX Font Info:    Overwriting symbol font `largesymbols' in version `normal'
(Font)                  OMX/cmex/m/n --> MY3/mtt/m/n on input line 76.
LaTeX Font Info:    Overwriting math alphabet `\mathrm' in version `normal'
(Font)                  OT1/ptm/m/n --> OT1/ptm/m/n on input line 132.
LaTeX Font Info:    Overwriting math alphabet `\mathbf' in version `normal'
(Font)                  OT1/cmr/bx/n --> OT1/ptm/b/n on input line 133.
LaTeX Font Info:    Overwriting math alphabet `\mathit' in version `normal'
(Font)                  OT1/cmr/m/it --> OT1/ptm/m/it on input line 134.
LaTeX Font Info:    Overwriting math alphabet `\mathsf' in version `normal'
(Font)                  OT1/cmss/m/n --> OT1/phv/m/n on input line 135.
LaTeX Font Info:    Overwriting math alphabet `\mathtt' in version `normal'
(Font)                  OT1/cmtt/m/n --> OT1/pcr/m/n on input line 136.
LaTeX Font Info:    Overwriting math alphabet `\mathcal' in version `normal'
(Font)                  OMS/cmsy/b/n --> OMS/cmsy/m/n on input line 180.
LaTeX Font Info:    Redeclaring math symbol \Gamma on input line 184.
LaTeX Font Info:    Redeclaring math symbol \Delta on input line 185.
LaTeX Font Info:    Redeclaring math symbol \Theta on input line 186.
LaTeX Font Info:    Redeclaring math symbol \Lambda on input line 187.
LaTeX Font Info:    Redeclaring math symbol \Xi on input line 188.
LaTeX Font Info:    Redeclaring math symbol \Pi on input line 189.
LaTeX Font Info:    Redeclaring math symbol \Sigma on input line 190.
LaTeX Font Info:    Redeclaring math symbol \Upsilon on input line 191.
LaTeX Font Info:    Redeclaring math symbol \Phi on input line 192.
LaTeX Font Info:    Redeclaring math symbol \Psi on input line 193.
LaTeX Font Info:    Redeclaring math symbol \Omega on input line 194.
LaTeX Font Info:    Redeclaring math symbol \varGamma on input line 195.
LaTeX Font Info:    Redeclaring math symbol \varDelta on input line 196.
LaTeX Font Info:    Redeclaring math symbol \varTheta on input line 197.
LaTeX Font Info:    Redeclaring math symbol \varLambda on input line 198.
LaTeX Font Info:    Redeclaring math symbol \varXi on input line 199.
LaTeX Font Info:    Redeclaring math symbol \varPi on input line 200.
LaTeX Font Info:    Redeclaring math symbol \varSigma on input line 201.
LaTeX Font Info:    Redeclaring math symbol \varUpsilon on input line 202.
LaTeX Font Info:    Redeclaring math symbol \varPhi on input line 203.
LaTeX Font Info:    Redeclaring math symbol \varPsi on input line 204.
LaTeX Font Info:    Redeclaring math symbol \varOmega on input line 205.
LaTeX Font Info:    Redeclaring math symbol \triangleleft on input line 210.
LaTeX Font Info:    Redeclaring math symbol \triangleright on input line 211.
LaTeX Font Info:    Redeclaring math symbol \varkappa on input line 221.
LaTeX Font Info:    Redeclaring math accent \vec on input line 222.
LaTeX Font Info:    Redeclaring math accent \grave on input line 223.
LaTeX Font Info:    Redeclaring math accent \acute on input line 224.
LaTeX Font Info:    Redeclaring math accent \check on input line 225.
LaTeX Font Info:    Redeclaring math accent \breve on input line 226.
LaTeX Font Info:    Redeclaring math accent \bar on input line 227.
LaTeX Font Info:    Redeclaring math accent \hat on input line 228.
LaTeX Font Info:    Redeclaring math accent \dot on input line 229.
LaTeX Font Info:    Redeclaring math accent \tilde on input line 230.
LaTeX Font Info:    Redeclaring math accent \ddot on input line 231.
LaTeX Info: Redefining \hbar on input line 258.
\symtextcomp=\mathgroup7
LaTeX Font Info:    Redeclaring math symbol \dagger on input line 299.
LaTeX Font Info:    Redeclaring math symbol \ddagger on input line 300.
LaTeX Font Info:    Redeclaring math symbol \mathsection on input line 301.
LaTeX Font Info:    Redeclaring math symbol \mathparagraph on input line 302.
)
(/usr/share/texmf/tex/latex/psnfss/times.sty
Package: times 1998/07/01 PSNFSS v.7.1 Times font as default roman : S Rahtz
) (macro.tex
\c@exercisecounter=\count121
\c@theoremcounter=\count122
)
\@indexfile=\write3
\openout3 = `r.idx'.


Writing index file r.idx
(r.aux)
\openout1 = `r.aux'.

LaTeX Font Info:    Checking defaults for OML/cmm/m/it on input line 48.
LaTeX Font Info:    ... okay on input line 48.
LaTeX Font Info:    Checking defaults for T1/cmr/m/n on input line 48.
LaTeX Font Info:    ... okay on input line 48.
LaTeX Font Info:    Checking defaults for OT1/cmr/m/n on input line 48.
LaTeX Font Info:    ... okay on input line 48.
LaTeX Font Info:    Checking defaults for OMS/cmsy/m/n on input line 48.
LaTeX Font Info:    ... okay on input line 48.
LaTeX Font Info:    Checking defaults for OMX/cmex/m/n on input line 48.
LaTeX Font Info:    ... okay on input line 48.
LaTeX Font Info:    Checking defaults for U/cmr/m/n on input line 48.
LaTeX Font Info:    ... okay on input line 48.
LaTeX Font Info:    Checking defaults for MY1/mtt/m/it on input line 48.
LaTeX Font Info:    Try loading font information for MY1+mtt on input line 48.
 (/usr/share/texmf/tex/latex/mathtime/my1mtt.fd
File: my1mtt.fd 1997/03/14 v1.0cMathtime Encoding 1(FMi)
)
LaTeX Font Info:    ... okay on input line 48.
LaTeX Font Info:    Checking defaults for MY2/mtt/m/n on input line 48.
LaTeX Font Info:    Try loading font information for MY2+mtt on input line 48.

(/usr/share/texmf/tex/latex/mathtime/my2mtt.fd
File: my2mtt.fd 1997/03/14 v1.0cMathtime Encoding 2(FMi)
)
LaTeX Font Info:    ... okay on input line 48.
LaTeX Font Info:    Checking defaults for MY3/mtt/m/n on input line 48.
LaTeX Font Info:    Try loading font information for MY3+mtt on input line 48.

(/usr/share/texmf/tex/latex/mathtime/my3mtt.fd
File: my3mtt.fd 1997/03/14 v1.0cMathtime Encoding 3(FMi)
)
LaTeX Font Info:    ... okay on input line 48.
LaTeX Font Info:    Checking defaults for TS1/cmr/m/n on input line 48.
LaTeX Font Info:    Try loading font information for TS1+cmr on input line 48.

(/usr/share/texmf/tex/latex/base/ts1cmr.fd
File: ts1cmr.fd 1998/03/27 v2.5g Standard LaTeX font definitions
)
LaTeX Font Info:    ... okay on input line 48.
LaTeX Font Info:    Try loading font information for OT1+ptm on input line 48.

(/usr/share/texmf/tex/latex/psnfss/ot1ptm.fd
File: ot1ptm.fd 1998/07/06 Fontinst v1.800 font definitions for OT1/ptm.
)
LaTeX Font Info:    Try loading font information for U+msa on input line 78.

(/usr/share/texmf/tex/latex/amsfonts/umsa.fd
File: umsa.fd 1995/01/05 v2.2e AMS font definitions
)
LaTeX Font Info:    Try loading font information for U+msb on input line 78.

(/usr/share/texmf/tex/latex/amsfonts/umsb.fd
File: umsb.fd 1995/01/05 v2.2e AMS font definitions
)
LaTeX Font Info:    Try loading font information for U+lasy on input line 78.

(/usr/share/texmf/tex/latex/base/ulasy.fd
File: ulasy.fd 1996/11/20 v2.2dLaTeX symbol font definitions
)
LaTeX Font Info:    Try loading font information for TS1+ptm on input line 78.

(/usr/share/texmf/tex/latex/psnfss/ts1ptm.fd
File: ts1ptm.fd 1998/07/06 Fontinst v1.800 font definitions for TS1/ptm.
)
LaTeX Font Info:    Try loading font information for OT1+pcr on input line 78.

(/usr/share/texmf/tex/latex/psnfss/ot1pcr.fd
File: ot1pcr.fd 1998/07/06 Fontinst v1.800 font definitions for OT1/pcr.
) [1


] [2] (r.toc [3


])
\tf@toc=\write4
\openout4 = `r.toc'.

 [4]
Chapter 1.
(../obj/TEX/discreta.h.tex
Underfull \hbox (badness 10000) in paragraph at lines 19--28

 []

[1

] [2]
Underfull \vbox (badness 10000) has occurred while \output is active []

 [3])
(../obj/TEX/discreta.C.tex [4]
Underfull \hbox (badness 10000) in paragraph at lines 138--148

 []

[5]
Underfull \hbox (badness 10000) in paragraph at lines 154--163

 []

) (../obj/TEX/os.C.tex [6]) (../obj/TEX/iof.C.tex [7] [8]) (../obj/TEX/nu.C.tex

Package amsmath Warning: Foreign command \atopwithdelims; \frac or \genfrac sho
uld be used instead on input line 6.

[9] [10]) [11] [12

]
Chapter 2.
(../obj/TEX/in1.C.tex [13] [14] [15]) [16]
Chapter 3.
(../obj/TEX/perm.C.tex [17

]) (../obj/TEX/perm2.C.tex [18] [19])
(../obj/TEX/part.C.tex [20]
Overfull \hbox (26.23872pt too wide) in paragraph at lines 120--122
[]\OT1/ptm/m/n/10 Converts a par-ti-tion from the VEC-TOR to the EX-PO-NENT for
-mat. Ex-am-ple: $[1\MY1/mtt/m/it/10 ; \OT1/ptm/m/n/10 2\MY1/mtt/m/it/10 ; \OT1
/ptm/m/n/10 2\MY1/mtt/m/it/10 ; \OT1/ptm/m/n/10 3] \MY2/mtt/m/n/10 7! \OT1/ptm/
m/n/10 [1\MY1/mtt/m/it/10 ; \OT1/ptm/m/n/10 2\MY1/mtt/m/it/10 ; \OT1/ptm/m/n/10
 1\MY1/mtt/m/it/10 ; \OT1/ptm/m/n/10 0\MY1/mtt/m/it/10 ; \OT1/ptm/m/n/10 0\MY1/
mtt/m/it/10 ; \OT1/ptm/m/n/10 0\MY1/mtt/m/it/10 ; \OT1/ptm/m/n/10 0\MY1/mtt/m/i
t/10 ; \OT1/ptm/m/n/10 0] \MY2/mtt/m/n/10 '
 []

[21]) [22]
Chapter 4.
(../obj/TEX/vec.C.tex [23

] [24] [25] [26]) (../obj/TEX/ma.C.tex [27] [28]
[29] [30]) [31] [32

]
Chapter 5.
(../obj/TEX/perm_grp.C.tex
Underfull \hbox (badness 10000) in paragraph at lines 27--39

 []

[33]
Overfull \hbox (18.90567pt too wide) in paragraph at lines 196--200
[]\OT1/ptm/m/n/10 Generators for the sym-met-ric group on `deg'elements. The ge
n-er-at-ing sys-tem con-sists of the cy-cle $\MY1/mtt/m/it/10 .\OT1/ptm/m/n/10 
1\MY1/mtt/m/it/10 ; \OT1/ptm/m/n/10 2\MY1/mtt/m/it/10 ; []  ; deg/$
 []

[34]) (../obj/TEX/perm_grp2.C.tex [35]) (../obj/TEX/fga.C.tex [36] [37]
[38]) (../obj/TEX/lb.C.tex [39] [40]
Underfull \hbox (badness 10000) in paragraph at lines 181--186

 []


Underfull \hbox (badness 10000) in paragraph at lines 195--200

 []

) (../obj/TEX/lb_base_change.C.tex
Underfull \hbox (badness 10000) in paragraph at lines 6--22

 []

[41]) [42]
Chapter 6.
(../obj/TEX/poly.C.tex [43

]

Package amsmath Warning: Foreign command \atop; \frac or \genfrac should be use
d instead on input line 153.

[44]
Overfull \hbox (17.37108pt too wide) in paragraph at lines 305--307
[]\OT1/ptm/m/n/10 Computes the cy-cle in-dex of the group $\MY1/mtt/m/it/10 S[]
 \MY2/mtt/m/n/10 ^^B \MY1/mtt/m/it/10 S[]$\OT1/ptm/m/n/10 . This func-tion uses
 cy-cle[]ind[]Sn and cy-cle[]index[]direct[]product. 
 []

[45]) (../obj/TEX/mon.C.tex) (../obj/TEX/unip.C.tex [46]) [47] [48

]
Chapter 7.
(../obj/TEX/gfq.h.tex [49]) (../obj/TEX/gfq_zech.C.tex [50] [51] [52] [53]
[54]) (../obj/TEX/gfq_nb.C.tex [55] [56]) (../obj/TEX/singer.C.tex [57]
[58]) [59] [60

]
Chapter 8.
(../obj/TEX/perm_rep.C.tex
Overfull \hbox (14.32942pt too wide) in paragraph at lines 54--56
[]\OT1/ptm/m/n/10 converts an in-te-ger to the cor-re-spond-ing vec-tor in the 
affine / pro-jec-tive rep-re-sen-ta-tion de-ter-mined by PERM[]REP. 
 []

[61]
Overfull \hbox (46.0481pt too wide) in paragraph at lines 176--179
[]\OT1/ptm/m/n/10 derterminant of the ma-trix cor-re-spond-ing to the per-mu-ta
-tion perm in the rep-re-sen-ta-tion. Calls perm[]rep[]determinante[]v(). 
 []

[62]) (../obj/TEX/gfq_sz.C.tex) (../obj/TEX/gfq_psu.C.tex) [63] [64

]
Chapter 9.
(../obj/TEX/bch.C.tex [65]) (../obj/TEX/mindist.C.tex [66]
Overfull \hbox (0.42897pt too wide) in paragraph at lines 49--55
[]\OT1/ptm/m/n/10 Mindist of a code seen as a map into pro-jec-tive space. The 
num-ber-ing of pro-jec-tive el-e-ments (one-dimensional
 []


Underfull \hbox (badness 10000) in paragraph at lines 94--103

 []

) [67] [68

]
Chapter 10.
(../obj/TEX/ladder_info.C.tex [69]) (../obj/TEX/ladder.C.tex [70])
(../obj/TEX/ladder2.C.tex) (../obj/TEX/kramer_mesner.C.tex [71]
(../REFERENCE/KM/KM_PGGL_2_32_t5_k7.tex [72]) [73] [74]
Overfull \hbox (23.54915pt too wide) in paragraph at lines 253--260
\OT1/ptm/m/n/10 fec-tive for large ex-am-ples. All $\MY1/mtt/m/it/10 M[]$ \OT1/
ptm/m/n/10 are com-puted for all $\MY1/mtt/m/it/10 i < j \MY2/mtt/m/n/10 ^^T \M
Y1/mtt/m/it/10 k[]max$ \OT1/ptm/m/n/10 where $\MY1/mtt/m/it/10 k[]max$ \OT1/ptm
/m/n/10 is dc[]step[]to[]k(up[]to[]step).
 []

) (../obj/TEX/plesken.C.tex [75] [76]) (../obj/TEX/intersection.C.tex [77]
[78]) (../obj/TEX/intersection_aijk.C.tex) (../obj/TEX/parameter.C.tex [79]
[80] [81] [82]) (../obj/TEX/report.C.tex
Underfull \hbox (badness 10000) in paragraph at lines 30--32

 []


Underfull \hbox (badness 10000) in paragraph at lines 40--42

 []

[83]) (../obj/TEX/graphical.C.tex) (../obj/TEX/mathieu.C.tex)
(../obj/TEX/dc_draw.C.tex [84]) (../obj/TEX/solid.C.tex [85]) [86]
Chapter 11.
(../obj/TEX/ma_geo.C.tex
Overfull \hbox (12.75874pt too wide) in paragraph at lines 11--16
[]\OT1/ptm/m/n/10 you can get the gen-er-a-tors on the orig-i-nal ma-trix with 
aut.reduced[]generating[]set(aut[]gen, FALSE /* f[]bottom[]up
 []


Underfull \hbox (badness 10000) in paragraph at lines 11--16

 []


Overfull \hbox (32.41855pt too wide) in paragraph at lines 26--38
\OT1/ptm/m/n/10 permutations oth-er-wise. The ma-trix will be changed to con-ta
in the canon-i-cal form if f[]apply[]perms[]to[]canonical[]form
 []

[87

]
Overfull \hbox (15.50854pt too wide) in paragraph at lines 83--86
\OT1/ptm/m/n/10 group and the ma-trix is in its canon-i-cal form or the au-to-m
or-phism group is re-cal-cu-lated via MA::canonical[]form(). 
 []

[88]) [89] [90

]
Chapter 12.
(../obj/TEX/vdi.C.tex [91] [92] [93] [94]) (r.bbl [95] [96

]
Underfull \hbox (badness 2150) in paragraph at lines 9--13
[]\OT1/ptm/m/n/10 Anton Bet-ten, Har-ald Friper-tinger, Adal-bert Ker-ber, Al-f
red Wasser-mann, and Karl-Heinz Zim-mer-mann.
 []

) [97] (r.aux) ) 
Here is how much of TeX's memory you used:
 2349 strings out of 10904
 26015 string characters out of 72707
 83375 words of memory out of 263001
 5147 multiletter control sequences out of 10000+0
 30824 words of font info for 78 fonts, out of 200000 for 1000
 16 hyphenation exceptions out of 1000
 32i,9n,27p,282b,453s stack positions out of 300i,100n,500p,30000b,4000s

Output written on r.dvi (101 pages, 274796 bytes).
